{"name": "test_login1", "status": "failed", "statusDetails": {"message": "AssertionError: assert (2 + 3) == 2", "trace": "@allure.feature(\"login\")\n    def test_login1():\n        with allure.step(\"输出print\"):\n            print(\"这是登录测试\")\n        with allure.step(\"断言\"):\n>           assert 2 + 3 == 2\nE           assert (2 + 3) == 2\n\ntest_allure_feature.py:27: AssertionError"}, "steps": [{"name": "输出print", "status": "passed", "start": 1607514360585, "stop": 1607514360585}, {"name": "断言", "status": "failed", "statusDetails": {"message": "AssertionError: assert (2 + 3) == 2\n", "trace": "  File \"D:\\xiaotanghomework.git\\xiaotanghomework\\test_allure\\test_allure_feature.py\", line 27, in test_login1\n    assert 2 + 3 == 2\n"}, "start": 1607514360585, "stop": 1607514360585}], "attachments": [{"name": "stdout", "source": "42a84c78-edaf-4e49-8077-9f297b536912-attachment.txt", "type": "text/plain"}], "start": 1607514360585, "stop": 1607514360585, "uuid": "059f3e90-638e-40c3-80fb-ec9140b30573", "historyId": "0dba3e6dcb7b5bd78e1a982a2a28d3ab", "testCaseId": "07d249d8374e4878eb6acd88364da98a", "fullName": "test_allure_feature#test_login1", "labels": [{"name": "feature", "value": "login"}, {"name": "suite", "value": "test_allure_feature"}, {"name": "host", "value": "tangzhihua"}, {"name": "thread", "value": "4420-MainThread"}, {"name": "framework", "value": "pytest"}, {"name": "language", "value": "cpython3"}, {"name": "package", "value": "test_allure_feature"}]}